15:03:34.663 skipping bootstrap configuration: could not find or read file: classpath:karate-config.js
15:03:34.794 request:
1 > GET https://reqres.in/api/users/2
1 > Accept-Encoding: gzip,deflate
1 > Connection: Keep-Alive
1 > Host: reqres.in
1 > User-Agent: Apache-HttpClient/4.5.11 (Java/1.8.0_265)

15:03:35.088 response time in milliseconds: 288.25
1 < 200
1 < Access-Control-Allow-Origin: *
1 < Age: 145
1 < CF-Cache-Status: HIT
1 < CF-RAY: 8bde2e33bbfb5ab3-VIE
1 < Cache-Control: max-age=14400
1 < Connection: keep-alive
1 < Content-Type: application/json; charset=utf-8
1 < Date: Wed, 04 Sep 2024 13:03:34 GMT
1 < Etag: W/"118-pbdwwFo9SKNhD3Lx5iHJyngpq00"
1 < Nel: {"report_to":"heroku-nel","max_age":3600,"success_fraction":0.005,"failure_fraction":0.05,"response_headers":["Via"]}
1 < Report-To: {"group":"heroku-nel","max_age":3600,"endpoints":[{"url":"https://nel.heroku.com/reports?ts=1724611872&sid=c4c9725f-1ab0-44d8-820f-430df2718e11&s=LQs8excJOAXBHaDVpOsgwVfuUiRWnF7ZzpAINCZqtBw%3D"}]}
1 < Reporting-Endpoints: heroku-nel=https://nel.heroku.com/reports?ts=1724611872&sid=c4c9725f-1ab0-44d8-820f-430df2718e11&s=LQs8excJOAXBHaDVpOsgwVfuUiRWnF7ZzpAINCZqtBw%3D
1 < Server: cloudflare
1 < Transfer-Encoding: chunked
1 < Vary: Accept-Encoding
1 < Via: 1.1 vegur
1 < X-Powered-By: Express
{"data":{"id":2,"email":"janet.weaver@reqres.in","first_name":"Janet","last_name":"Weaver","avatar":"https://reqres.in/img/faces/2-image.jpg"},"support":{"url":"https://reqres.in/#support-heading","text":"To keep ReqRes free, contributions towards server costs are appreciated!"}}

15:03:35.116 skipping bootstrap configuration: could not find or read file: classpath:karate-config.js
15:03:35.119 request:
1 > GET https://reqres.in/api/users/100
1 > Accept-Encoding: gzip,deflate
1 > Connection: Keep-Alive
1 > Host: reqres.in
1 > User-Agent: Apache-HttpClient/4.5.11 (Java/1.8.0_265)

15:03:35.239 response time in milliseconds: 119.80
1 < 404
1 < Access-Control-Allow-Origin: *
1 < Age: 111
1 < CF-Cache-Status: HIT
1 < CF-RAY: 8bde2e34bdd45a71-VIE
1 < Cache-Control: max-age=14400
1 < Connection: keep-alive
1 < Content-Length: 2
1 < Content-Type: application/json; charset=utf-8
1 < Date: Wed, 04 Sep 2024 13:03:35 GMT
1 < Etag: W/"2-vyGp6PvFo4RvsFtPoIWeCReyIC8"
1 < Nel: {"report_to":"heroku-nel","max_age":3600,"success_fraction":0.005,"failure_fraction":0.05,"response_headers":["Via"]}
1 < Report-To: {"group":"heroku-nel","max_age":3600,"endpoints":[{"url":"https://nel.heroku.com/reports?ts=1725454904&sid=c4c9725f-1ab0-44d8-820f-430df2718e11&s=u99Bx95cZjFJgAIu0dmsK8wBM%2FLSicehuyyZmuA%2BuiI%3D"}]}
1 < Reporting-Endpoints: heroku-nel=https://nel.heroku.com/reports?ts=1725454904&sid=c4c9725f-1ab0-44d8-820f-430df2718e11&s=u99Bx95cZjFJgAIu0dmsK8wBM%2FLSicehuyyZmuA%2BuiI%3D
1 < Server: cloudflare
1 < Vary: Accept-Encoding
1 < Via: 1.1 vegur
1 < X-Powered-By: Express
{}

